

Started GET "/api/v1/templates.json" for 127.0.0.1 at 2015-12-23 21:26:04 -0700
  [1m[36mActiveRecord::SchemaMigration Load (1.5ms)[0m  [1mSELECT "schema_migrations".* FROM "schema_migrations"[0m
Processing by API::TemplatesController#index as JSON
  [1m[35mUser Load (2.0ms)[0m  SELECT  "users".* FROM "users" WHERE "users"."id" IS NULL LIMIT 1
Completed 401 Unauthorized in 44ms (Views: 0.4ms | ActiveRecord: 5.9ms)


Started GET "/api/v1/templates.json" for 127.0.0.1 at 2015-12-23 21:26:17 -0700
Processing by API::TemplatesController#index as JSON
  [1m[36mUser Load (0.5ms)[0m  [1mSELECT  "users".* FROM "users" WHERE "users"."id" IS NULL LIMIT 1[0m
  [1m[35mUser Load (0.5ms)[0m  SELECT  "users".* FROM "users" WHERE "users"."email" = $1 LIMIT 1  [["email", "jon@accidental.cc"]]
Completed 401 Unauthorized in 186ms (Views: 0.7ms | ActiveRecord: 10.7ms)
  [1m[36m (20.0ms)[0m  [1mCREATE TABLE "captures" ("id" INTEGER PRIMARY KEY AUTOINCREMENT NOT NULL, "user_id" integer, "created_at" datetime NOT NULL, "updated_at" datetime NOT NULL, "key" varchar NOT NULL, "content" text NOT NULL, "status" integer DEFAULT 0) [0m
  [1m[35m (0.2ms)[0m  select sqlite_version(*)
  [1m[36m (11.9ms)[0m  [1mCREATE UNIQUE INDEX "index_captures_on_user_id_and_key" ON "captures" ("user_id", "key")[0m
  [1m[35m (0.5ms)[0m              SELECT sql
            FROM sqlite_master
            WHERE name='index_captures_on_user_id_and_key' AND type='index'
            UNION ALL
            SELECT sql
            FROM sqlite_temp_master
            WHERE name='index_captures_on_user_id_and_key' AND type='index'

  [1m[36m (24.5ms)[0m  [1mCREATE  INDEX "index_captures_on_user_id" ON "captures" ("user_id")[0m
  [1m[35m (16.7ms)[0m  CREATE TABLE "templates" ("id" INTEGER PRIMARY KEY AUTOINCREMENT NOT NULL, "user_id" integer, "created_at" datetime NOT NULL, "updated_at" datetime NOT NULL, "key" varchar NOT NULL, "template" text NOT NULL, "properties" text) 
  [1m[36m (11.1ms)[0m  [1mCREATE UNIQUE INDEX "index_templates_on_user_id_and_key" ON "templates" ("user_id", "key")[0m
  [1m[35m (0.2ms)[0m              SELECT sql
            FROM sqlite_master
            WHERE name='index_templates_on_user_id_and_key' AND type='index'
            UNION ALL
            SELECT sql
            FROM sqlite_temp_master
            WHERE name='index_templates_on_user_id_and_key' AND type='index'

  [1m[36m (11.2ms)[0m  [1mCREATE  INDEX "index_templates_on_user_id" ON "templates" ("user_id")[0m
  [1m[35m (26.2ms)[0m  CREATE TABLE "users" ("id" INTEGER PRIMARY KEY AUTOINCREMENT NOT NULL, "email" varchar NOT NULL, "passhash" varchar NOT NULL) 
  [1m[36m (29.9ms)[0m  [1mCREATE UNIQUE INDEX "index_users_on_email" ON "users" ("email")[0m
  [1m[35m (11.6ms)[0m  CREATE TABLE "schema_migrations" ("version" varchar NOT NULL) 
  [1m[36m (11.0ms)[0m  [1mCREATE UNIQUE INDEX "unique_schema_migrations" ON "schema_migrations" ("version")[0m
  [1m[35m (0.2ms)[0m  SELECT version FROM "schema_migrations"
  [1m[36m (13.4ms)[0m  [1mINSERT INTO "schema_migrations" (version) VALUES ('20151213050634')[0m
  [1m[35m (8.7ms)[0m  INSERT INTO "schema_migrations" (version) VALUES ('20151129062403')
  [1m[36m (9.1ms)[0m  [1mINSERT INTO "schema_migrations" (version) VALUES ('20151202063939')[0m
  [1m[35m (13.5ms)[0m  INSERT INTO "schema_migrations" (version) VALUES ('20151202074450')
  [1m[36m (8.6ms)[0m  [1mINSERT INTO "schema_migrations" (version) VALUES ('20151203065356')[0m
  [1m[35m (8.4ms)[0m  INSERT INTO "schema_migrations" (version) VALUES ('20151202065046')
  [1m[36m (10.9ms)[0m  [1mCREATE TABLE "captures" ("id" INTEGER PRIMARY KEY AUTOINCREMENT NOT NULL, "user_id" integer, "created_at" datetime NOT NULL, "updated_at" datetime NOT NULL, "key" varchar NOT NULL, "content" text NOT NULL, "status" integer DEFAULT 0) [0m
  [1m[35m (0.1ms)[0m  select sqlite_version(*)
  [1m[36m (11.0ms)[0m  [1mCREATE UNIQUE INDEX "index_captures_on_user_id_and_key" ON "captures" ("user_id", "key")[0m
  [1m[35m (0.4ms)[0m              SELECT sql
            FROM sqlite_master
            WHERE name='index_captures_on_user_id_and_key' AND type='index'
            UNION ALL
            SELECT sql
            FROM sqlite_temp_master
            WHERE name='index_captures_on_user_id_and_key' AND type='index'

  [1m[36m (25.4ms)[0m  [1mCREATE  INDEX "index_captures_on_user_id" ON "captures" ("user_id")[0m
  [1m[35m (14.3ms)[0m  CREATE TABLE "templates" ("id" INTEGER PRIMARY KEY AUTOINCREMENT NOT NULL, "user_id" integer, "created_at" datetime NOT NULL, "updated_at" datetime NOT NULL, "key" varchar NOT NULL, "template" text NOT NULL, "properties" text) 
  [1m[36m (31.2ms)[0m  [1mCREATE UNIQUE INDEX "index_templates_on_user_id_and_key" ON "templates" ("user_id", "key")[0m
  [1m[35m (0.2ms)[0m              SELECT sql
            FROM sqlite_master
            WHERE name='index_templates_on_user_id_and_key' AND type='index'
            UNION ALL
            SELECT sql
            FROM sqlite_temp_master
            WHERE name='index_templates_on_user_id_and_key' AND type='index'

  [1m[36m (28.8ms)[0m  [1mCREATE  INDEX "index_templates_on_user_id" ON "templates" ("user_id")[0m
  [1m[35m (21.2ms)[0m  CREATE TABLE "users" ("id" INTEGER PRIMARY KEY AUTOINCREMENT NOT NULL, "email" varchar NOT NULL, "passhash" varchar NOT NULL) 
  [1m[36m (20.7ms)[0m  [1mCREATE UNIQUE INDEX "index_users_on_email" ON "users" ("email")[0m
  [1m[35m (11.1ms)[0m  CREATE TABLE "schema_migrations" ("version" varchar NOT NULL) 
  [1m[36m (21.2ms)[0m  [1mCREATE UNIQUE INDEX "unique_schema_migrations" ON "schema_migrations" ("version")[0m
  [1m[35m (0.3ms)[0m  SELECT version FROM "schema_migrations"
  [1m[36m (14.5ms)[0m  [1mINSERT INTO "schema_migrations" (version) VALUES ('20151213050634')[0m
  [1m[35m (11.1ms)[0m  INSERT INTO "schema_migrations" (version) VALUES ('20151129062403')
  [1m[36m (8.8ms)[0m  [1mINSERT INTO "schema_migrations" (version) VALUES ('20151202063939')[0m
  [1m[35m (8.2ms)[0m  INSERT INTO "schema_migrations" (version) VALUES ('20151202074450')
  [1m[36m (8.4ms)[0m  [1mINSERT INTO "schema_migrations" (version) VALUES ('20151203065356')[0m
  [1m[35m (8.4ms)[0m  INSERT INTO "schema_migrations" (version) VALUES ('20151202065046')
  [1m[36mActiveRecord::SchemaMigration Load (0.2ms)[0m  [1mSELECT "schema_migrations".* FROM "schema_migrations"[0m
  [1m[35m (0.1ms)[0m  begin transaction
  [1m[36mSQL (0.4ms)[0m  [1mINSERT INTO "users" ("email", "passhash") VALUES (?, ?)[0m  [["email", "jon@accidental.cc"], ["passhash", "$2a$10$Gb19LgbUZpvcb3MIcopij.bPWlNIsfvBtTV7J5bySI876e567MRgC"]]
  [1m[35m (14.7ms)[0m  commit transaction
  [1m[36m (0.1ms)[0m  [1mbegin transaction[0m
  [1m[35mSQL (0.4ms)[0m  INSERT INTO "captures" ("user_id", "content", "key", "created_at", "updated_at") VALUES (?, ?, ?, ?, ?)  [["user_id", 1], ["content", ":PROPERTIES:\n:webcapture: BXoZ-5AWF2T61-IsUIhywwX0sAXijGD3\n:END:\nLorem ipsum dolor sit amet, consectetuer adipiscing elit. Proin risus. Praesent lectus."], ["key", "BXoZ-5AWF2T61-IsUIhywwX0sAXijGD3"], ["created_at", "2015-12-24 04:33:26.579188"], ["updated_at", "2015-12-24 04:33:26.579188"]]
  [1m[36m (8.8ms)[0m  [1mcommit transaction[0m
  [1m[35m (0.1ms)[0m  begin transaction
  [1m[36mSQL (0.3ms)[0m  [1mINSERT INTO "captures" ("user_id", "content", "key", "created_at", "updated_at") VALUES (?, ?, ?, ?, ?)[0m  [["user_id", 1], ["content", ":PROPERTIES:\n:webcapture: NRRnVd3wkl-ENZAOEFaIgCNFJHOE-5wM\n:END:\nLorem ipsum dolor sit amet, consectetuer adipiscing elit. Proin risus. Praesent lectus."], ["key", "NRRnVd3wkl-ENZAOEFaIgCNFJHOE-5wM"], ["created_at", "2015-12-24 04:33:26.592356"], ["updated_at", "2015-12-24 04:33:26.592356"]]
  [1m[35m (8.1ms)[0m  commit transaction
  [1m[36m (0.1ms)[0m  [1mbegin transaction[0m
  [1m[35mSQL (0.3ms)[0m  INSERT INTO "captures" ("user_id", "content", "key", "created_at", "updated_at") VALUES (?, ?, ?, ?, ?)  [["user_id", 1], ["content", ":PROPERTIES:\n:webcapture: 0FxOYnUhbJUpFpEl2PIzHkHyaPPgFi6p\n:END:\nLorem ipsum dolor sit amet, consectetuer adipiscing elit. Proin risus. Praesent lectus."], ["key", "0FxOYnUhbJUpFpEl2PIzHkHyaPPgFi6p"], ["created_at", "2015-12-24 04:33:26.604380"], ["updated_at", "2015-12-24 04:33:26.604380"]]
  [1m[36m (8.2ms)[0m  [1mcommit transaction[0m
  [1m[35m (0.1ms)[0m  begin transaction
  [1m[36mSQL (0.3ms)[0m  [1mINSERT INTO "captures" ("user_id", "content", "key", "created_at", "updated_at") VALUES (?, ?, ?, ?, ?)[0m  [["user_id", 1], ["content", ":PROPERTIES:\n:webcapture: -BF2EaOby3sZMj47_xGvnV79kDKyam-N\n:END:\nLorem ipsum dolor sit amet, consectetuer adipiscing elit. Proin risus. Praesent lectus."], ["key", "-BF2EaOby3sZMj47_xGvnV79kDKyam-N"], ["created_at", "2015-12-24 04:33:26.616246"], ["updated_at", "2015-12-24 04:33:26.616246"]]
  [1m[35m (8.3ms)[0m  commit transaction
  [1m[36m (0.1ms)[0m  [1mbegin transaction[0m
  [1m[35mSQL (0.3ms)[0m  INSERT INTO "captures" ("user_id", "content", "key", "created_at", "updated_at") VALUES (?, ?, ?, ?, ?)  [["user_id", 1], ["content", ":PROPERTIES:\n:webcapture: DC6mjt5h-N7ENUfbE3o8apETseKd3US8\n:END:\nLorem ipsum dolor sit amet, consectetuer adipiscing elit. Proin risus. Praesent lectus."], ["key", "DC6mjt5h-N7ENUfbE3o8apETseKd3US8"], ["created_at", "2015-12-24 04:33:26.628236"], ["updated_at", "2015-12-24 04:33:26.628236"]]
  [1m[36m (10.7ms)[0m  [1mcommit transaction[0m
  [1m[35m (0.1ms)[0m  begin transaction
  [1m[36mSQL (0.3ms)[0m  [1mINSERT INTO "captures" ("user_id", "content", "key", "created_at", "updated_at") VALUES (?, ?, ?, ?, ?)[0m  [["user_id", 1], ["content", ":PROPERTIES:\n:webcapture: YbHi5tCUTvQXv_UQ2oAzaa3jdJbPWIc-\n:END:\nLorem ipsum dolor sit amet, consectetuer adipiscing elit. Proin risus. Praesent lectus."], ["key", "YbHi5tCUTvQXv_UQ2oAzaa3jdJbPWIc-"], ["created_at", "2015-12-24 04:33:26.642849"], ["updated_at", "2015-12-24 04:33:26.642849"]]
  [1m[35m (8.4ms)[0m  commit transaction
  [1m[36m (0.1ms)[0m  [1mbegin transaction[0m
  [1m[35mSQL (0.3ms)[0m  INSERT INTO "captures" ("user_id", "content", "key", "created_at", "updated_at") VALUES (?, ?, ?, ?, ?)  [["user_id", 1], ["content", ":PROPERTIES:\n:webcapture: VfvNfw3VbR7nmOjk5v12EWUOB3dTaIoh\n:END:\nLorem ipsum dolor sit amet, consectetuer adipiscing elit. Proin risus. Praesent lectus."], ["key", "VfvNfw3VbR7nmOjk5v12EWUOB3dTaIoh"], ["created_at", "2015-12-24 04:33:26.654677"], ["updated_at", "2015-12-24 04:33:26.654677"]]
  [1m[36m (13.2ms)[0m  [1mcommit transaction[0m
  [1m[35m (0.1ms)[0m  begin transaction
  [1m[36mSQL (0.3ms)[0m  [1mINSERT INTO "captures" ("user_id", "content", "key", "created_at", "updated_at") VALUES (?, ?, ?, ?, ?)[0m  [["user_id", 1], ["content", ":PROPERTIES:\n:webcapture: 3eKP68VPg8V0UD4lrS43jpQlyILFD-_a\n:END:\nLorem ipsum dolor sit amet, consectetuer adipiscing elit. Proin risus. Praesent lectus."], ["key", "3eKP68VPg8V0UD4lrS43jpQlyILFD-_a"], ["created_at", "2015-12-24 04:33:26.671685"], ["updated_at", "2015-12-24 04:33:26.671685"]]
  [1m[35m (14.0ms)[0m  commit transaction
  [1m[36m (0.1ms)[0m  [1mbegin transaction[0m
  [1m[35mSQL (0.3ms)[0m  INSERT INTO "captures" ("user_id", "content", "key", "created_at", "updated_at") VALUES (?, ?, ?, ?, ?)  [["user_id", 1], ["content", ":PROPERTIES:\n:webcapture: kv-0CUYvVHmyCIBOz8kmjtRDNsturJdD\n:END:\nLorem ipsum dolor sit amet, consectetuer adipiscing elit. Proin risus. Praesent lectus."], ["key", "kv-0CUYvVHmyCIBOz8kmjtRDNsturJdD"], ["created_at", "2015-12-24 04:33:26.689631"], ["updated_at", "2015-12-24 04:33:26.689631"]]
  [1m[36m (24.3ms)[0m  [1mcommit transaction[0m
  [1m[35m (0.1ms)[0m  begin transaction
  [1m[36mSQL (0.3ms)[0m  [1mINSERT INTO "captures" ("user_id", "content", "key", "created_at", "updated_at") VALUES (?, ?, ?, ?, ?)[0m  [["user_id", 1], ["content", ":PROPERTIES:\n:webcapture: qjxVcbopQQF-zyGEltTlG0TUAaXFqLQr\n:END:\nLorem ipsum dolor sit amet, consectetuer adipiscing elit. Proin risus. Praesent lectus."], ["key", "qjxVcbopQQF-zyGEltTlG0TUAaXFqLQr"], ["created_at", "2015-12-24 04:33:26.718318"], ["updated_at", "2015-12-24 04:33:26.718318"]]
  [1m[35m (9.2ms)[0m  commit transaction
